<?xml version="1.0" encoding="UTF-8"?>
<testsuite xmlns:xsi="http://www.w3.org/2001/XMLSchema-instance" xsi:noNamespaceSchemaLocation="https://maven.apache.org/surefire/maven-surefire-plugin/xsd/surefire-test-report.xsd" version="3.0.2" name="com.demo.is550.soap_web_service.SoapWebServiceApplicationTests" time="5.3" tests="1" errors="0" skipped="0" failures="0">
  <properties>
[...]
</properties>
  <testcase name="contextLoads" classname="com.demo.is550.soap_web_service.SoapWebServiceApplicationTests" time="1.178">
    <system-out><![CDATA[
  .   ____          _            __ _ _
 /\\ / ___'_ __ _ _(_)_ __  __ _ \ \ \ \
( ( )\___ | '_ | '_| | '_ \/ _` | \ \ \ \
 \\/  ___)| |_)| | | | | || (_| |  ) ) ) )
  '  |____| .__|_| |_|_| |_\__, | / / / /
 =========|_|==============|___/=/_/_/_/

 :: Spring Boot ::                (v3.4.3)

2025-03-23T13:13:53.933+03:00  INFO 4192 --- [soap-web-service] [           main] c.d.i.s.SoapWebServiceApplicationTests   : Starting SoapWebServiceApplicationTests using Java 24 with PID 4192 (started by Tuana in C:\Users\Tuana\Desktop\odtu\IS550-WebServices\library-management-system)
2025-03-23T13:13:53.946+03:00  INFO 4192 --- [soap-web-service] [           main] c.d.i.s.SoapWebServiceApplicationTests   : No active profile set, falling back to 1 default profile: "default"
2025-03-23T13:13:55.354+03:00  WARN 4192 --- [soap-web-service] [           main] trationDelegate$BeanPostProcessorChecker : Bean 'webServiceConfig' of type [com.demo.is550.lms_web_service.config.WebServiceConfig$$SpringCGLIB$$0] is not eligible for getting processed by all BeanPostProcessors (for example: not eligible for auto-proxying). Is this bean getting eagerly injected/applied to a currently created BeanPostProcessor [annotationActionEndpointMapping]? Check the corresponding BeanPostProcessor declaration and its dependencies/advisors. If this bean does not have to be post-processed, declare it with ROLE_INFRASTRUCTURE.
2025-03-23T13:13:55.356+03:00  WARN 4192 --- [soap-web-service] [           main] trationDelegate$BeanPostProcessorChecker : Bean 'org.springframework.ws.config.annotation.DelegatingWsConfiguration' of type [org.springframework.ws.config.annotation.DelegatingWsConfiguration$$SpringCGLIB$$0] is not eligible for getting processed by all BeanPostProcessors (for example: not eligible for auto-proxying). The currently created BeanPostProcessor [annotationActionEndpointMapping] is declared through a non-static factory method on that class; consider declaring it as static instead.
2025-03-23T13:13:55.389+03:00  INFO 4192 --- [soap-web-service] [           main] .w.s.a.s.AnnotationActionEndpointMapping : Supporting [WS-Addressing August 2004, WS-Addressing 1.0]
2025-03-23T13:13:56.598+03:00  INFO 4192 --- [soap-web-service] [           main] c.d.i.s.SoapWebServiceApplicationTests   : Started SoapWebServiceApplicationTests in 3.425 seconds (process running for 5.144)
]]></system-out>
    <system-err><![CDATA[Mockito is currently self-attaching to enable the inline-mock-maker. This will no longer work in future releases of the JDK. Please add Mockito as an agent to your build what is described in Mockito's documentation: https://javadoc.io/doc/org.mockito/mockito-core/latest/org/mockito/Mockito.html#0.3
WARNING: A Java agent has been loaded dynamically (C:\Users\Tuana\.m2\repository\net\bytebuddy\byte-buddy-agent\1.15.11\byte-buddy-agent-1.15.11.jar)
WARNING: If a serviceability tool is in use, please run with -XX:+EnableDynamicAgentLoading to hide this warning
WARNING: If a serviceability tool is not in use, please run with -Djdk.instrument.traceUsage for more information
WARNING: Dynamic loading of agents will be disallowed by default in a future release
]]></system-err>
  </testcase>
</testsuite>